<?xml version="1.0" encoding="UTF-8"?>
<!-- Generated by org.testng.reporters.JUnitXMLReporter -->
<testsuite hostname="Anil-PC" ignored="0" name="SmokeTest" tests="2" failures="1" timestamp="07 May 2017 17:24:07 GMT" time="36.848" errors="0">
  <testcase name="testHomePage" time="12.411" classname="testcases.VerifyloginPage">
    <failure type="junit.framework.AssertionFailedError">
      <![CDATA[junit.framework.AssertionFailedError
	at junit.framework.Assert.fail(Assert.java:47)
	at junit.framework.Assert.assertTrue(Assert.java:20)
	at junit.framework.Assert.assertTrue(Assert.java:27)
	at testcases.VerifyloginPage.testHomePage(VerifyloginPage.java:46)
... Removed 28 stack frames]]>
    </failure>
  </testcase> <!-- testHomePage -->
  <testcase name="testHomePage" time="0.014" classname="testcases.VerifyHomePage"/>
</testsuite> <!-- SmokeTest -->
