<?xml version="1.0" encoding="UTF-8"?>
<testsuite xmlns:xsi="http://www.w3.org/2001/XMLSchema-instance" xsi:noNamespaceSchemaLocation="https://maven.apache.org/surefire/maven-surefire-plugin/xsd/surefire-test-report.xsd" name="TestSuite" time="39.399" tests="2" errors="0" skipped="0" failures="1">
  <properties>
[...]
</properties>
  <testcase name="testHomePage" classname="testcases.VerifyloginPage" time="12.429">
    <failure type="junit.framework.AssertionFailedError">junit.framework.AssertionFailedError
	at testcases.VerifyloginPage.testHomePage(VerifyloginPage.java:46)
</failure>
    <system-out><![CDATA[Dashboard ‹ WordPress Demo Install — WordPress
]]></system-out>
    <system-err><![CDATA[1494177811085	geckodriver	INFO	Listening on 127.0.0.1:6760
1494177811882	mozprofile::profile	INFO	Using profile path C:\Users\Anil\AppData\Local\Temp\rust_mozprofile.hYiCfGAM5iEO
1494177811924	geckodriver::marionette	INFO	Starting browser C:\Program Files (x86)\Mozilla Firefox\firefox.exe with args []
1494177811958	geckodriver::marionette	INFO	Connecting to Marionette on localhost:51391
1494177815584	Marionette	INFO	Listening on port 51391
1494177819799	Marionette	INFO	startBrowser 0bee042f-14c7-4fb6-9f31-34e1bf07895a
1494177819824	Marionette	INFO	sendAsync 0bee042f-14c7-4fb6-9f31-34e1bf07895a
May 07, 2017 10:53:40 PM org.openqa.selenium.remote.ProtocolHandshake createSession
INFO: Detected dialect: W3C
1494177820955	Marionette	INFO	sendAsync 0bee042f-14c7-4fb6-9f31-34e1bf07895a
1494177823907	Marionette	INFO	sendAsync 0bee042f-14c7-4fb6-9f31-34e1bf07895a
1494177823963	Marionette	INFO	sendAsync 0bee042f-14c7-4fb6-9f31-34e1bf07895a
1494177824026	Marionette	INFO	sendAsync 0bee042f-14c7-4fb6-9f31-34e1bf07895a
1494177824044	Marionette	INFO	sendAsync 0bee042f-14c7-4fb6-9f31-34e1bf07895a
1494177824101	Marionette	INFO	sendAsync 0bee042f-14c7-4fb6-9f31-34e1bf07895a
1494177824113	Marionette	INFO	sendAsync 0bee042f-14c7-4fb6-9f31-34e1bf07895a
1494177835225	Marionette	INFO	sendAsync 0bee042f-14c7-4fb6-9f31-34e1bf07895a
]]></system-err>
  </testcase>
  <testcase name="testHomePage" classname="testcases.VerifyHomePage" time="0.014"/>
</testsuite>