<?xml version="1.0" encoding="UTF-8"?>
<testng-results skipped="0" failed="1" ignored="0" total="2" passed="1">
  <reporter-output>
  </reporter-output>
  <suite name="Portalvalidation" duration-ms="36848" started-at="2017-05-07T17:23:29Z" finished-at="2017-05-07T17:24:06Z">
    <groups>
    </groups>
    <test name="SmokeTest" duration-ms="36848" started-at="2017-05-07T17:23:29Z" finished-at="2017-05-07T17:24:06Z">
      <class name="testcases.VerifyHomePage">
        <test-method status="PASS" signature="setup()[pri:0, instance:testcases.VerifyHomePage@783e6358]" name="setup" is-config="true" duration-ms="10277" started-at="2017-05-07T22:53:56Z" finished-at="2017-05-07T22:54:06Z">
          <reporter-output>
          </reporter-output>
        </test-method> <!-- setup -->
        <test-method status="PASS" signature="testHomePage()[pri:0, instance:testcases.VerifyHomePage@783e6358]" name="testHomePage" duration-ms="14" started-at="2017-05-07T22:54:06Z" finished-at="2017-05-07T22:54:06Z">
          <reporter-output>
          </reporter-output>
        </test-method> <!-- testHomePage -->
        <test-method status="PASS" signature="teardown()[pri:0, instance:testcases.VerifyHomePage@783e6358]" name="teardown" is-config="true" duration-ms="0" started-at="2017-05-07T22:54:06Z" finished-at="2017-05-07T22:54:06Z">
          <reporter-output>
          </reporter-output>
        </test-method> <!-- teardown -->
      </class> <!-- testcases.VerifyHomePage -->
      <class name="testcases.VerifyloginPage">
        <test-method status="PASS" signature="setup()[pri:0, instance:testcases.VerifyloginPage@4e04a765]" name="setup" is-config="true" duration-ms="12925" started-at="2017-05-07T22:53:29Z" finished-at="2017-05-07T22:53:42Z">
          <reporter-output>
          </reporter-output>
        </test-method> <!-- setup -->
        <test-method status="FAIL" signature="testHomePage()[pri:0, instance:testcases.VerifyloginPage@4e04a765]" name="testHomePage" duration-ms="12411" started-at="2017-05-07T22:53:42Z" finished-at="2017-05-07T22:53:55Z">
          <exception class="junit.framework.AssertionFailedError">
            <full-stacktrace>
              <![CDATA[junit.framework.AssertionFailedError
	at junit.framework.Assert.fail(Assert.java:47)
	at junit.framework.Assert.assertTrue(Assert.java:20)
	at junit.framework.Assert.assertTrue(Assert.java:27)
	at testcases.VerifyloginPage.testHomePage(VerifyloginPage.java:46)
	at sun.reflect.NativeMethodAccessorImpl.invoke0(Native Method)
	at sun.reflect.NativeMethodAccessorImpl.invoke(NativeMethodAccessorImpl.java:62)
	at sun.reflect.DelegatingMethodAccessorImpl.invoke(DelegatingMethodAccessorImpl.java:43)
	at java.lang.reflect.Method.invoke(Method.java:498)
	at org.testng.internal.MethodInvocationHelper.invokeMethod(MethodInvocationHelper.java:104)
	at org.testng.internal.Invoker.invokeMethod(Invoker.java:645)
	at org.testng.internal.Invoker.invokeTestMethod(Invoker.java:851)
	at org.testng.internal.Invoker.invokeTestMethods(Invoker.java:1177)
	at org.testng.internal.TestMethodWorker.invokeTestMethods(TestMethodWorker.java:129)
	at org.testng.internal.TestMethodWorker.run(TestMethodWorker.java:112)
	at org.testng.TestRunner.privateRun(TestRunner.java:756)
	at org.testng.TestRunner.run(TestRunner.java:610)
	at org.testng.SuiteRunner.runTest(SuiteRunner.java:387)
	at org.testng.SuiteRunner.runSequentially(SuiteRunner.java:382)
	at org.testng.SuiteRunner.privateRun(SuiteRunner.java:340)
	at org.testng.SuiteRunner.run(SuiteRunner.java:289)
	at org.testng.SuiteRunnerWorker.runSuite(SuiteRunnerWorker.java:52)
	at org.testng.SuiteRunnerWorker.run(SuiteRunnerWorker.java:86)
	at org.testng.TestNG.runSuitesSequentially(TestNG.java:1293)
	at org.testng.TestNG.runSuitesLocally(TestNG.java:1218)
	at org.testng.TestNG.runSuites(TestNG.java:1133)
	at org.testng.TestNG.run(TestNG.java:1104)
	at org.apache.maven.surefire.testng.TestNGExecutor.run(TestNGExecutor.java:283)
	at org.apache.maven.surefire.testng.TestNGXmlTestSuite.execute(TestNGXmlTestSuite.java:75)
	at org.apache.maven.surefire.testng.TestNGProvider.invoke(TestNGProvider.java:120)
	at org.apache.maven.surefire.booter.ForkedBooter.invokeProviderInSameClassLoader(ForkedBooter.java:386)
	at org.apache.maven.surefire.booter.ForkedBooter.runSuitesInProcess(ForkedBooter.java:323)
	at org.apache.maven.surefire.booter.ForkedBooter.main(ForkedBooter.java:143)
]]>
            </full-stacktrace>
          </exception> <!-- junit.framework.AssertionFailedError -->
          <reporter-output>
          </reporter-output>
        </test-method> <!-- testHomePage -->
        <test-method status="PASS" signature="teardown(org.testng.ITestResult)[pri:0, instance:testcases.VerifyloginPage@4e04a765]" name="teardown" is-config="true" duration-ms="1179" started-at="2017-05-07T22:53:55Z" finished-at="2017-05-07T22:53:56Z">
          <params>
            <param index="0">
              <value>
                <![CDATA[[TestResult name=testHomePage status=FAILURE method=VerifyloginPage.testHomePage()[pri:0, instance:testcases.VerifyloginPage@4e04a765] output={null}]]]>
              </value>
            </param>
          </params>
          <reporter-output>
          </reporter-output>
        </test-method> <!-- teardown -->
      </class> <!-- testcases.VerifyloginPage -->
    </test> <!-- SmokeTest -->
  </suite> <!-- Portalvalidation -->
</testng-results>
