-------------------------------------------------------------------------------
Test set: TestSuite
-------------------------------------------------------------------------------
Tests run: 2, Failures: 1, Errors: 0, Skipped: 0, Time elapsed: 39.399 s <<< FAILURE! - in TestSuite
testHomePage(testcases.VerifyloginPage)  Time elapsed: 12.429 s  <<< FAILURE!
junit.framework.AssertionFailedError
	at testcases.VerifyloginPage.testHomePage(VerifyloginPage.java:46)

