<?xml version="1.0" encoding="UTF-8"?>
<!-- Generated by org.testng.reporters.JUnitXMLReporter -->
<testsuite hostname="Anil-PC" ignored="0" name="SmokeTest" tests="2" failures="1" timestamp="03 May 2017 18:02:07 GMT" time="34.137" errors="0">
  <testcase name="testHomePage" time="9.356" classname="testcases.VerifyloginPage">
    <failure type="junit.framework.ComparisonFailure" message=" expected:&amp;lt;test&amp;gt; but was:&amp;lt;userlogout not working properly&amp;gt;">
      <![CDATA[junit.framework.ComparisonFailure:  expected:<test> but was:<userlogout not working properly>
	at junit.framework.Assert.assertEquals(Assert.java:81)
	at pages.loginPage.userlogout(loginPage.java:39)
	at testcases.VerifyloginPage.testHomePage(VerifyloginPage.java:34)
... Removed 25 stack frames]]>
    </failure>
  </testcase> <!-- testHomePage -->
  <testcase name="testHomePage" time="0.014" classname="testcases.VerifyHomePage"/>
</testsuite> <!-- SmokeTest -->
